Simulating Model T-LGL Survival Network 2008 (W=2500,T=9355,N=61). . .
Progress: 1/74
Simulating Model Lymphoid and myeloid cell specification and transdifferentiation (W=2500,T=7815,N=33). . .
Progress: 2/74
Simulating Model Lymphopoiesis Regulatory Network (W=2500,T=10455,N=81). . .
Progress: 3/74
Simulating Model Cholesterol Regulatory Pathway (W=2500,T=7870,N=34). . .
Progress: 4/74
Simulating Model Signal Transduction in Fibroblasts (W=2500,T=150000,N=139). . .
Progress: 5/74
Simulating Model Iron acquisition and oxidative stress response in aspergillus fumigatus (W=2500,T=7210,N=22). . .
Progress: 6/74
Simulating Model Aurora Kinase A in Neuroblastoma (W=2500,T=7265,N=23). . .
Progress: 7/74
Simulating Model Fanconi anemia and checkpoint recovery (W=2500,T=6825,N=15). . .
Progress: 8/74
Simulating Model B bronchiseptica and T retortaeformis coinfection (W=2500,T=8915,N=53). . .
Progress: 9/74
Simulating Model SKBR3 Breast Cell Line Short-term ErbB Network (W=2500,T=6880,N=16). . .
Progress: 10/74
Simulating Model HCC1954 Breast Cell Line Short-term ErbB Network (W=2500,T=6880,N=16). . .
Progress: 11/74
Simulating Model Cell Cycle Transcription by Coupled CDK and Network Oscillators (W=2500,T=6495,N=9). . .
Progress: 12/74
Simulating Model IL-1 Signaling (W=2500,T=12490,N=118). . .
Progress: 13/74
Simulating Model CD4+ T cell Differentiation (W=2500,T=8090,N=38). . .
Progress: 14/74
Simulating Model Budding Yeast Cell Cycle (W=2500,T=7100,N=20). . .
Progress: 15/74
Simulating Model T cell differentiation (W=2500,T=7265,N=23). . .
Progress: 16/74
Simulating Model EGFR & ErbB Signaling (W=2500,T=11720,N=104). . .
Progress: 17/74
Simulating Model Death Receptor Signaling (W=2500,T=7540,N=28). . .
Progress: 18/74
Simulating Model Apoptosis Network (W=2500,T=8255,N=41). . .
Progress: 19/74
Simulating Model Lac Operon (W=2500,T=6715,N=13). . .
Progress: 20/74
Simulating Model VEGF Pathway of Drosophila Signaling Pathway (W=2500,T=6990,N=18). . .
Progress: 21/74
Simulating Model IL-6 Signalling (W=2500,T=10730,N=86). . .
Progress: 22/74
Simulating Model BT474 Breast Cell Line Long-term ErbB Network (W=2500,T=7375,N=25). . .
Progress: 23/74
Simulating Model Regulation of the L-arabinose operon of Escherichia coli (W=2500,T=6715,N=13). . .
Progress: 24/74
Simulating Model T-LGL Survival Network 2011 (W=2500,T=9300,N=60). . .
Progress: 25/74
Simulating Model Senescence Associated Secretory Phenotype (W=2500,T=8805,N=51). . .
Progress: 26/74
Simulating Model Bordetella bronchiseptica (W=2500,T=7815,N=33). . .
Progress: 27/74
Simulating Model Septation Initiation Network (W=2500,T=7705,N=31). . .
Progress: 28/74
Simulating Model CD4 T cell signaling (W=2500,T=16340,N=188). . .
Progress: 29/74
Simulating Model Oxidative Stress Pathway (W=2500,T=7045,N=19). . .
Progress: 30/74
Simulating Model Cardiac development (W=2500,T=6825,N=15). . .
Progress: 31/74
Simulating Model BT474 Breast Cell Line Short-term ErbB Network (W=2500,T=6880,N=16). . .
Progress: 32/74
Simulating Model CD4+ T Cell Differentiation and Plasticity (W=2500,T=6990,N=18). . .
Progress: 33/74
Simulating Model SKBR3 Breast Cell Line Long-term ErbB Network (W=2500,T=7375,N=25). . .
Progress: 34/74
Simulating Model Predicting Variabilities in Cardiac Gene (W=2500,T=6825,N=15). . .
Progress: 35/74
Simulating Model Tumour Cell Invasion and Migration (W=2500,T=7760,N=32). . .
Progress: 36/74
Simulating Model Differentiation of T lymphocytes (W=2500,T=8750,N=50). . .
Progress: 37/74
Simulating Model Bortezomib Responses in U266 Human Myeloma Cells (W=2500,T=9685,N=67). . .
Progress: 38/74
Simulating Model Guard Cell Abscisic Acid Signaling (W=2500,T=30000,N=44). . .
Progress: 39/74
Simulating Model Signaling Pathway for Butanol Production in Clostridium beijerinckii NRRL B-598 (W=2500,T=9630,N=66). . .
Progress: 40/74
Simulating Model HH Pathway of Drosophila Signaling Pathways (W=2500,T=7320,N=24). . .
Progress: 41/74
Simulating Model Budding Yeast Cell Cycle 2009 (W=2500,T=6990,N=18). . .
Progress: 42/74
Simulating Model T Cell Receptor Signaling (W=2500,T=11555,N=101). . .
Progress: 43/74
Simulating Model Trichostrongylus retortaeformis (W=2500,T=7430,N=26). . .
Progress: 44/74
Simulating Model MAPK Cancer Cell Fate Network (W=2500,T=8915,N=53). . .
Progress: 45/74
Simulating Model Arabidopsis thaliana Cell Cycle (W=2500,T=6000,N=14). . .
Progress: 46/74
Simulating Model HIV-1 interactions with T Cell Signalling Pathway (W=2500,T=13590,N=138). . .
Progress: 47/74
Simulating Model Human Gonadal Sex Determination (W=2500,T=7045,N=19). . .
Progress: 48/74
Simulating Model Cortical Area Development (W=2500,T=6275,N=5). . .
Progress: 49/74
Simulating Model Mammalian Cell Cycle 2006 (W=2500,T=6550,N=10). . .
Progress: 50/74
Simulating Model Neurotransmitter Signaling Pathway (W=2500,T=6880,N=16). . .
Progress: 51/74
Simulating Model HCC1954 Breast Cell Line Long-term ErbB Network (W=2500,T=7375,N=25). . .
Progress: 52/74
Simulating Model T-Cell Signaling 2006 (W=2500,T=8200,N=40). . .
Progress: 53/74
Simulating Model Colitis-associated colon cancer (W=2500,T=9850,N=70). . .
Progress: 54/74
Simulating Model Processing of Spz Network from the Drosophila Signaling Pathway (W=2500,T=7320,N=24). . .
Progress: 55/74
Simulating Model Influenza A Virus Replication Cycle (W=2500,T=13205,N=131). . .
Progress: 56/74
Simulating Model T-LGL Survival Network 2011 Reduced Network (W=2500,T=6990,N=18). . .
Progress: 57/74
Simulating Model B cell differentiation (W=2500,T=7210,N=22). . .
Progress: 58/74
Simulating Model Stomatal Opening Model (W=2500,T=8695,N=49). . .
Progress: 59/74
Simulating Model Pro-inflammatory Tumor Microenvironment in Acute Lymphoblastic Leukemia (W=2500,T=7430,N=26). . .
Progress: 60/74
Simulating Model HGF Signaling in Keratinocytes (W=2500,T=9740,N=68). . .
Progress: 61/74
Simulating Model Mammalian Cell Cycle (W=2500,T=7100,N=20). . .
Progress: 62/74
Simulating Model PC12 Cell Differentiation (W=2500,T=9410,N=62). . .
Progress: 63/74
Simulating Model IGVH mutations in chronic lymphocytic leukemia (W=2500,T=11005,N=91). . .
Progress: 64/74
Simulating Model Yeast Apoptosis (W=2500,T=10015,N=73). . .
Progress: 65/74
Simulating Model Metabolic Interactions in the Gut Microbiome (W=2500,T=6660,N=12). . .
Progress: 66/74
Simulating Model Treatment of Castration-Resistant Prostate Cancer (W=2500,T=8310,N=42). . .
Progress: 67/74
Simulating Model Wg Pathway of Drosophila Signalling Pathways (W=2500,T=7430,N=26). . .
Progress: 68/74
Simulating Model FGF pathway of Drosophila Signalling Pathways (W=2500,T=7265,N=23). . .
Progress: 69/74
Simulating Model Glucose Repression Signaling 2009 (W=2500,T=10015,N=73). . .
Progress: 70/74
Simulating Model Toll Pathway of Drosophila Signaling Pathway (W=2500,T=6605,N=11). . .
Progress: 71/74
Simulating Model FA BRCA pathway (W=2500,T=7540,N=28). . .
Progress: 72/74
Simulating Model Signaling in Macrophage Activation (W=2500,T=23655,N=321). . .
Progress: 73/74
Simulating Model TOL Regulatory Network (W=2500,T=7320,N=24). . .
Progress: 74/74
Simulating Model T-LGL Survival Network 2008 (W=2500,T=9355,N=61). . .
Progress: 1/74
Simulating Model Lymphoid and myeloid cell specification and transdifferentiation (W=2500,T=7815,N=33). . .
Progress: 2/74
Simulating Model Lymphopoiesis Regulatory Network (W=2500,T=10455,N=81). . .
Progress: 3/74
Simulating Model Cholesterol Regulatory Pathway (W=2500,T=7870,N=34). . .
Progress: 4/74
Simulating Model Signal Transduction in Fibroblasts (W=2500,T=150000,N=139). . .
Progress: 5/74
Simulating Model Iron acquisition and oxidative stress response in aspergillus fumigatus (W=2500,T=7210,N=22). . .
Progress: 6/74
Simulating Model Aurora Kinase A in Neuroblastoma (W=2500,T=7265,N=23). . .
Progress: 7/74
Simulating Model Fanconi anemia and checkpoint recovery (W=2500,T=6825,N=15). . .
Progress: 8/74
Simulating Model B bronchiseptica and T retortaeformis coinfection (W=2500,T=8915,N=53). . .
Progress: 9/74
Simulating Model SKBR3 Breast Cell Line Short-term ErbB Network (W=2500,T=6880,N=16). . .
Progress: 10/74
Simulating Model HCC1954 Breast Cell Line Short-term ErbB Network (W=2500,T=6880,N=16). . .
Progress: 11/74
Simulating Model Cell Cycle Transcription by Coupled CDK and Network Oscillators (W=2500,T=6495,N=9). . .
Progress: 12/74
Simulating Model IL-1 Signaling (W=2500,T=12490,N=118). . .
Progress: 13/74
Simulating Model CD4+ T cell Differentiation (W=2500,T=8090,N=38). . .
Progress: 14/74
Simulating Model Budding Yeast Cell Cycle (W=2500,T=7100,N=20). . .
Progress: 15/74
Simulating Model T cell differentiation (W=2500,T=7265,N=23). . .
Progress: 16/74
Simulating Model EGFR & ErbB Signaling (W=2500,T=11720,N=104). . .
Progress: 17/74
Simulating Model Death Receptor Signaling (W=2500,T=7540,N=28). . .
Progress: 18/74
Simulating Model Apoptosis Network (W=2500,T=8255,N=41). . .
Progress: 19/74
Simulating Model Lac Operon (W=2500,T=6715,N=13). . .
Progress: 20/74
Simulating Model VEGF Pathway of Drosophila Signaling Pathway (W=2500,T=6990,N=18). . .
Progress: 21/74
Simulating Model IL-6 Signalling (W=2500,T=10730,N=86). . .
Progress: 22/74
Simulating Model BT474 Breast Cell Line Long-term ErbB Network (W=2500,T=7375,N=25). . .
Progress: 23/74
Simulating Model Regulation of the L-arabinose operon of Escherichia coli (W=2500,T=6715,N=13). . .
Progress: 24/74
Simulating Model T-LGL Survival Network 2011 (W=2500,T=9300,N=60). . .
Progress: 25/74
Simulating Model Senescence Associated Secretory Phenotype (W=2500,T=8805,N=51). . .
Progress: 26/74
Simulating Model Bordetella bronchiseptica (W=2500,T=7815,N=33). . .
Progress: 27/74
Simulating Model Septation Initiation Network (W=2500,T=7705,N=31). . .
Progress: 28/74
Simulating Model CD4 T cell signaling (W=2500,T=16340,N=188). . .
Progress: 29/74
Simulating Model Oxidative Stress Pathway (W=2500,T=7045,N=19). . .
Progress: 30/74
Simulating Model Cardiac development (W=2500,T=6825,N=15). . .
Progress: 31/74
Simulating Model BT474 Breast Cell Line Short-term ErbB Network (W=2500,T=6880,N=16). . .
Progress: 32/74
Simulating Model CD4+ T Cell Differentiation and Plasticity (W=2500,T=6990,N=18). . .
Progress: 33/74
Simulating Model SKBR3 Breast Cell Line Long-term ErbB Network (W=2500,T=7375,N=25). . .
Progress: 34/74
Simulating Model Predicting Variabilities in Cardiac Gene (W=2500,T=6825,N=15). . .
Progress: 35/74
Simulating Model Tumour Cell Invasion and Migration (W=2500,T=7760,N=32). . .
Progress: 36/74
Simulating Model Differentiation of T lymphocytes (W=2500,T=8750,N=50). . .
Progress: 37/74
Simulating Model Bortezomib Responses in U266 Human Myeloma Cells (W=2500,T=9685,N=67). . .
Progress: 38/74
Simulating Model Guard Cell Abscisic Acid Signaling (W=2500,T=30000,N=44). . .
Progress: 39/74
Simulating Model Signaling Pathway for Butanol Production in Clostridium beijerinckii NRRL B-598 (W=2500,T=9630,N=66). . .
Progress: 40/74
Simulating Model HH Pathway of Drosophila Signaling Pathways (W=2500,T=7320,N=24). . .
Progress: 41/74
Simulating Model Budding Yeast Cell Cycle 2009 (W=2500,T=6990,N=18). . .
Progress: 42/74
Simulating Model T Cell Receptor Signaling (W=2500,T=11555,N=101). . .
Progress: 43/74
Simulating Model Trichostrongylus retortaeformis (W=2500,T=7430,N=26). . .
Progress: 44/74
Simulating Model MAPK Cancer Cell Fate Network (W=2500,T=8915,N=53). . .
Progress: 45/74
Simulating Model Arabidopsis thaliana Cell Cycle (W=2500,T=6000,N=14). . .
Progress: 46/74
Simulating Model HIV-1 interactions with T Cell Signalling Pathway (W=2500,T=13590,N=138). . .
Progress: 47/74
Simulating Model Human Gonadal Sex Determination (W=2500,T=7045,N=19). . .
Progress: 48/74
Simulating Model Cortical Area Development (W=2500,T=6275,N=5). . .
Progress: 49/74
Simulating Model Mammalian Cell Cycle 2006 (W=2500,T=6550,N=10). . .
Progress: 50/74
Simulating Model Neurotransmitter Signaling Pathway (W=2500,T=6880,N=16). . .
Progress: 51/74
Simulating Model HCC1954 Breast Cell Line Long-term ErbB Network (W=2500,T=7375,N=25). . .
Progress: 52/74
Simulating Model T-Cell Signaling 2006 (W=2500,T=8200,N=40). . .
Progress: 53/74
Simulating Model Colitis-associated colon cancer (W=2500,T=9850,N=70). . .
Progress: 54/74
Simulating Model Processing of Spz Network from the Drosophila Signaling Pathway (W=2500,T=7320,N=24). . .
Progress: 55/74
Simulating Model Influenza A Virus Replication Cycle (W=2500,T=13205,N=131). . .
Progress: 56/74
Simulating Model T-LGL Survival Network 2011 Reduced Network (W=2500,T=6990,N=18). . .
Progress: 57/74
Simulating Model B cell differentiation (W=2500,T=7210,N=22). . .
Progress: 58/74
Simulating Model Stomatal Opening Model (W=2500,T=8695,N=49). . .
Progress: 59/74
Simulating Model Pro-inflammatory Tumor Microenvironment in Acute Lymphoblastic Leukemia (W=2500,T=7430,N=26). . .
Progress: 60/74
Simulating Model HGF Signaling in Keratinocytes (W=2500,T=9740,N=68). . .
Progress: 61/74
Simulating Model Mammalian Cell Cycle (W=2500,T=7100,N=20). . .
Progress: 62/74
Simulating Model PC12 Cell Differentiation (W=2500,T=9410,N=62). . .
Progress: 63/74
Simulating Model IGVH mutations in chronic lymphocytic leukemia (W=2500,T=11005,N=91). . .
Progress: 64/74
Simulating Model Yeast Apoptosis (W=2500,T=10015,N=73). . .
Progress: 65/74
Simulating Model Metabolic Interactions in the Gut Microbiome (W=2500,T=6660,N=12). . .
Progress: 66/74
Simulating Model Treatment of Castration-Resistant Prostate Cancer (W=2500,T=8310,N=42). . .
Progress: 67/74
Simulating Model Wg Pathway of Drosophila Signalling Pathways (W=2500,T=7430,N=26). . .
Progress: 68/74
Simulating Model FGF pathway of Drosophila Signalling Pathways (W=2500,T=7265,N=23). . .
Progress: 69/74
Simulating Model Glucose Repression Signaling 2009 (W=2500,T=10015,N=73). . .
Progress: 70/74
Simulating Model Toll Pathway of Drosophila Signaling Pathway (W=2500,T=6605,N=11). . .
Progress: 71/74
Simulating Model FA BRCA pathway (W=2500,T=7540,N=28). . .
Progress: 72/74
Simulating Model Signaling in Macrophage Activation (W=2500,T=23655,N=321). . .
Progress: 73/74
Simulating Model TOL Regulatory Network (W=2500,T=7320,N=24). . .
Progress: 74/74
